<?xml version="1.0" encoding="UTF-8"?>
<!-- Generated by org.testng.reporters.JUnitXMLReporter -->
<testsuite ignored="0" hostname="HoaNang" failures="0" tests="42" name="Chrome" time="73.833" errors="0" timestamp="2023-01-12T22:10:44 ICT">
  <testcase classname="tests.LoginTest" name="withInvalidCredential" time="0.387"/>
  <testcase classname="tests.LoginTest" name="withInvalidCredential" time="0.298"/>
  <testcase classname="tests.LoginTest" name="withInvalidCredential" time="0.277"/>
  <testcase classname="tests.LoginTest" name="withInvalidCredential" time="0.24"/>
  <testcase classname="tests.LoginTest" name="withInvalidCredential" time="0.255"/>
  <testcase classname="tests.LoginTest" name="withInvalidCredential" time="0.219"/>
  <testcase classname="tests.LoginTest" name="withInvalidCredential" time="0.275"/>
  <testcase classname="tests.LoginTest" name="withValidCredential" time="0.315"/>
  <testcase classname="tests.NavigationTest" name="verifyAllElementOnNavigationPage" time="0.073"/>
  <testcase classname="tests.NavigationTest" name="verifyRedirectOfAboutMenu" time="5.347"/>
  <testcase classname="tests.NavigationTest" name="verifyRedirectOfAllItemsMenu" time="0.2"/>
  <testcase classname="tests.NavigationTest" name="verifyRedirectOfCartIcon" time="0.083"/>
  <testcase classname="tests.NavigationTest" name="verifyResetAppState" time="0.763"/>
  <testcase classname="tests.NavigationTest" name="verifyLogout" time="0.447"/>
  <testcase classname="tests.FooterTest" name="verifyCopyWritingCorrect" time="0.031"/>
  <testcase classname="tests.FooterTest" name="verifyFooterImageDisplay" time="0.033"/>
  <testcase classname="tests.FooterTest" name="verifySocialUrl" time="0.079"/>
  <testcase classname="tests.ProductListTest" name="verifyAddToCartButtonOnProductList" time="1.879"/>
  <testcase classname="tests.ProductListTest" name="verifyDetailURLOfEachProduct" time="1.819"/>
  <testcase classname="tests.ProductListTest" name="verifyInformationOfEachProduct" time="0.696"/>
  <testcase classname="tests.ProductListTest" name="verifyOptionOnSortDropdown" time="0.127"/>
  <testcase classname="tests.ProductListTest" name="verifyRemoveButtonOnProductList" time="1.767"/>
  <testcase classname="tests.ProductListTest" name="verifySortNameAToZ" time="0.249"/>
  <testcase classname="tests.ProductListTest" name="verifySortNameZToA" time="0.283"/>
  <testcase classname="tests.ProductListTest" name="verifySortPriceHighToLow" time="0.286"/>
  <testcase classname="tests.ProductListTest" name="verifySortPriceLowToHigh" time="0.276"/>
  <testcase classname="tests.ProductListTest" name="verifyTotalNumberOfProduct" time="0.009"/>
  <testcase classname="tests.ProductDetailTest" name="verifyAddToCartButtonOnProductDetail" time="2.143"/>
  <testcase classname="tests.ProductDetailTest" name="verifyProductInfoInPdpPage" time="2.24"/>
  <testcase classname="tests.ProductDetailTest" name="verifyRemoveBtnOnProductDetail" time="1.983"/>
  <testcase classname="tests.CartTest" name="verifyElementsOnCartPage" time="0.184"/>
  <testcase classname="tests.CartTest" name="verifyInfoOfEachProductsItemOnCartPage" time="0.343"/>
  <testcase classname="tests.CartTest" name="verifyWhenClickingOnCheckoutBtn" time="0.137"/>
  <testcase classname="tests.CartTest" name="verifyWhenClickingOnContinueShoppingButton" time="0.144"/>
  <testcase classname="tests.CartTest" name="verifyWhenClickingOnProductNameOnCartPage" time="0.84"/>
  <testcase classname="tests.CartTest" name="verifyWhenClickingOnRemoveBtn" time="0.54"/>
  <testcase classname="tests.CheckOutStep2Test" name="verifyInfoOnCheckOutStep2WhenCheckOutWith1Product" time="0.791"/>
  <testcase classname="tests.CheckOutStep2Test" name="verifyInfoOnCheckOutStep2WhenCheckOutWithMoreProducts" time="1.58"/>
  <testcase classname="tests.ThankYouTest" name="checkPaymentSuccessWith1Product" time="0.911"/>
  <testcase classname="tests.ThankYouTest" name="checkPaymentSuccessWithMoreProducts" time="0.876"/>
  <testcase classname="tests.ThankYouTest" name="clickOnBackHomeButtonAfterPayment" time="0.833"/>
  <testcase classname="tests.ThankYouTest" name="checkPaymentWhenCancelOnCheckOutStep2" time="0.761"/>
</testsuite> <!-- Chrome -->
