<?xml version="1.0" encoding="UTF-8"?>
<testsuite xmlns:xsi="http://www.w3.org/2001/XMLSchema-instance" xsi:noNamespaceSchemaLocation="https://maven.apache.org/surefire/maven-surefire-plugin/xsd/surefire-test-report-3.0.xsd" version="3.0" name="TestSuite" time="75.149" tests="42" errors="0" skipped="0" failures="0">
  <properties>
[...]
</properties>
  <testcase name="withInvalidCredential[standard_user1, secret_sauce, Epic sadface: Username and password do not match any user in this service](1)" classname="tests.LoginTest" time="0.4">
    <system-out><![CDATA[[INFO ] 22:09:31.107 [main] common.Log - Chrome is started
[INFO ] 22:09:39.844 [main] common.Log - withInvalidCredential is stared
[INFO ] 22:09:40.200 [main] common.Log - withInvalidCredential is successful
]]></system-out>
    <system-err><![CDATA[SLF4J: No SLF4J providers were found.
SLF4J: Defaulting to no-operation (NOP) logger implementation
SLF4J: See https://www.slf4j.org/codes.html#noProviders for further details.
Starting ChromeDriver 108.0.5359.71 (1e0e3868ee06e91ad636a874420e3ca3ae3756ac-refs/branch-heads/5359@{#1016}) on port 10811
Only local connections are allowed.
Please see https://chromedriver.chromium.org/security-considerations for suggestions on keeping ChromeDriver safe.
ChromeDriver was started successfully.
Jan 12, 2023 10:09:35 PM org.openqa.selenium.devtools.CdpVersionFinder findNearestMatch
WARNING: Unable to find an exact match for CDP version 108, so returning the closest version found: 107
]]></system-err>
  </testcase>
  <testcase name="withInvalidCredential[standard_user, secret_sauce1, Epic sadface: Username and password do not match any user in this service](2)" classname="tests.LoginTest" time="0.3">
    <system-out><![CDATA[[INFO ] 22:09:40.567 [main] common.Log - withInvalidCredential is stared
[INFO ] 22:09:40.862 [main] common.Log - withInvalidCredential is successful
]]></system-out>
  </testcase>
  <testcase name="withInvalidCredential[standard_user1, secret_sauce1, Epic sadface: Username and password do not match any user in this service](3)" classname="tests.LoginTest" time="0.277">
    <system-out><![CDATA[[INFO ] 22:09:41.117 [main] common.Log - withInvalidCredential is stared
[INFO ] 22:09:41.391 [main] common.Log - withInvalidCredential is successful
]]></system-out>
  </testcase>
  <testcase name="withInvalidCredential[, secret_sauce, Epic sadface: Username is required](4)" classname="tests.LoginTest" time="0.241">
    <system-out><![CDATA[[INFO ] 22:09:41.779 [main] common.Log - withInvalidCredential is stared
[INFO ] 22:09:42.017 [main] common.Log - withInvalidCredential is successful
]]></system-out>
  </testcase>
  <testcase name="withInvalidCredential[standard_user, , Epic sadface: Password is required](5)" classname="tests.LoginTest" time="0.256">
    <system-out><![CDATA[[INFO ] 22:09:42.598 [main] common.Log - withInvalidCredential is stared
[INFO ] 22:09:42.851 [main] common.Log - withInvalidCredential is successful
]]></system-out>
  </testcase>
  <testcase name="withInvalidCredential[, , Epic sadface: Username is required](6)" classname="tests.LoginTest" time="0.219">
    <system-out><![CDATA[[INFO ] 22:09:43.303 [main] common.Log - withInvalidCredential is stared
[INFO ] 22:09:43.519 [main] common.Log - withInvalidCredential is successful
]]></system-out>
  </testcase>
  <testcase name="withInvalidCredential[locked_out_user, secret_sauce, Epic sadface: Sorry, this user has been locked out.](7)" classname="tests.LoginTest" time="0.276">
    <system-out><![CDATA[[INFO ] 22:09:44.008 [main] common.Log - withInvalidCredential is stared
[INFO ] 22:09:44.281 [main] common.Log - withInvalidCredential is successful
]]></system-out>
  </testcase>
  <testcase name="withValidCredential" classname="tests.LoginTest" time="0.317">
    <system-out><![CDATA[[INFO ] 22:09:44.921 [main] common.Log - withValidCredential is stared
[INFO ] 22:09:45.232 [main] common.Log - withValidCredential is successful
]]></system-out>
  </testcase>
  <testcase name="verifyAllElementOnNavigationPage" classname="tests.NavigationTest" time="0.074">
    <system-out><![CDATA[[INFO ] 22:09:47.651 [main] common.Log - verifyAllElementOnNavigationPage is stared
[INFO ] 22:09:47.723 [main] common.Log - verifyAllElementOnNavigationPage is successful
]]></system-out>
    <system-err><![CDATA[Starting ChromeDriver 108.0.5359.71 (1e0e3868ee06e91ad636a874420e3ca3ae3756ac-refs/branch-heads/5359@{#1016}) on port 44797
Only local connections are allowed.
Please see https://chromedriver.chromium.org/security-considerations for suggestions on keeping ChromeDriver safe.
ChromeDriver was started successfully.
Jan 12, 2023 10:09:46 PM org.openqa.selenium.devtools.CdpVersionFinder findNearestMatch
WARNING: Unable to find an exact match for CDP version 108, so returning the closest version found: 107
]]></system-err>
  </testcase>
  <testcase name="verifyRedirectOfAboutMenu" classname="tests.NavigationTest" time="5.355">
    <system-out><![CDATA[[INFO ] 22:09:47.728 [main] common.Log - verifyRedirectOfAboutMenu is stared
[INFO ] 22:09:53.073 [main] common.Log - verifyRedirectOfAboutMenu is successful
]]></system-out>
  </testcase>
  <testcase name="verifyRedirectOfAllItemsMenu" classname="tests.NavigationTest" time="0.197">
    <system-out><![CDATA[[INFO ] 22:09:53.081 [main] common.Log - verifyRedirectOfAllItemsMenu is stared
[INFO ] 22:09:53.276 [main] common.Log - verifyRedirectOfAllItemsMenu is successful
]]></system-out>
  </testcase>
  <testcase name="verifyRedirectOfCartIcon" classname="tests.NavigationTest" time="0.086">
    <system-out><![CDATA[[INFO ] 22:09:53.280 [main] common.Log - verifyRedirectOfCartIcon is stared
[INFO ] 22:09:53.362 [main] common.Log - verifyRedirectOfCartIcon is successful
]]></system-out>
  </testcase>
  <testcase name="verifyResetAppState" classname="tests.NavigationTest" time="0.764">
    <system-out><![CDATA[[INFO ] 22:09:53.366 [main] common.Log - verifyResetAppState is stared
[INFO ] 22:09:54.127 [main] common.Log - verifyResetAppState is successful
]]></system-out>
  </testcase>
  <testcase name="verifyLogout" classname="tests.NavigationTest" time="0.449">
    <system-out><![CDATA[[INFO ] 22:09:54.131 [main] common.Log - verifyLogout is stared
[INFO ] 22:09:54.577 [main] common.Log - verifyLogout is successful
]]></system-out>
  </testcase>
  <testcase name="verifyCopyWritingCorrect" classname="tests.FooterTest" time="0.033">
    <system-out><![CDATA[[INFO ] 22:10:00.141 [main] common.Log - verifyCopyWritingCorrect is stared
[INFO ] 22:10:00.170 [main] common.Log - verifyCopyWritingCorrect is successful
]]></system-out>
    <system-err><![CDATA[Starting ChromeDriver 108.0.5359.71 (1e0e3868ee06e91ad636a874420e3ca3ae3756ac-refs/branch-heads/5359@{#1016}) on port 11987
Only local connections are allowed.
Please see https://chromedriver.chromium.org/security-considerations for suggestions on keeping ChromeDriver safe.
ChromeDriver was started successfully.
Jan 12, 2023 10:09:55 PM org.openqa.selenium.devtools.CdpVersionFinder findNearestMatch
WARNING: Unable to find an exact match for CDP version 108, so returning the closest version found: 107
]]></system-err>
  </testcase>
  <testcase name="verifyFooterImageDisplay" classname="tests.FooterTest" time="0.036">
    <system-out><![CDATA[[INFO ] 22:10:00.174 [main] common.Log - verifyFooterImageDisplay is stared
[INFO ] 22:10:00.205 [main] common.Log - verifyFooterImageDisplay is successful
]]></system-out>
  </testcase>
  <testcase name="verifySocialUrl" classname="tests.FooterTest" time="0.08">
    <system-out><![CDATA[[INFO ] 22:10:00.208 [main] common.Log - verifySocialUrl is stared
[INFO ] 22:10:00.286 [main] common.Log - verifySocialUrl is successful
]]></system-out>
  </testcase>
  <testcase name="verifyAddToCartButtonOnProductList" classname="tests.ProductListTest" time="1.879">
    <system-out><![CDATA[[INFO ] 22:10:02.207 [main] common.Log - verifyAddToCartButtonOnProductList is stared
[INFO ] 22:10:04.084 [main] common.Log - verifyAddToCartButtonOnProductList is successful
]]></system-out>
    <system-err><![CDATA[Starting ChromeDriver 108.0.5359.71 (1e0e3868ee06e91ad636a874420e3ca3ae3756ac-refs/branch-heads/5359@{#1016}) on port 36684
Only local connections are allowed.
Please see https://chromedriver.chromium.org/security-considerations for suggestions on keeping ChromeDriver safe.
ChromeDriver was started successfully.
Jan 12, 2023 10:10:01 PM org.openqa.selenium.devtools.CdpVersionFinder findNearestMatch
WARNING: Unable to find an exact match for CDP version 108, so returning the closest version found: 107
]]></system-err>
  </testcase>
  <testcase name="verifyDetailURLOfEachProduct" classname="tests.ProductListTest" time="1.822">
    <system-out><![CDATA[[INFO ] 22:10:04.087 [main] common.Log - verifyDetailURLOfEachProduct is stared
[INFO ] 22:10:05.906 [main] common.Log - verifyDetailURLOfEachProduct is successful
]]></system-out>
  </testcase>
  <testcase name="verifyInformationOfEachProduct" classname="tests.ProductListTest" time="0.698">
    <system-out><![CDATA[[INFO ] 22:10:05.912 [main] common.Log - verifyInformationOfEachProduct is stared
[INFO ] 22:10:06.606 [main] common.Log - verifyInformationOfEachProduct is successful
]]></system-out>
  </testcase>
  <testcase name="verifyOptionOnSortDropdown" classname="tests.ProductListTest" time="0.13">
    <system-out><![CDATA[[INFO ] 22:10:06.608 [main] common.Log - verifyOptionOnSortDropdown is stared
[INFO ] 22:10:06.734 [main] common.Log - verifyOptionOnSortDropdown is successful
]]></system-out>
  </testcase>
  <testcase name="verifyRemoveButtonOnProductList" classname="tests.ProductListTest" time="1.768">
    <system-out><![CDATA[[INFO ] 22:10:06.738 [main] common.Log - verifyRemoveButtonOnProductList is stared
[INFO ] 22:10:08.504 [main] common.Log - verifyRemoveButtonOnProductList is successful
]]></system-out>
  </testcase>
  <testcase name="verifySortNameAToZ" classname="tests.ProductListTest" time="0.251">
    <system-out><![CDATA[[INFO ] 22:10:08.507 [main] common.Log - verifySortNameAToZ is stared
[INFO ] 22:10:08.755 [main] common.Log - verifySortNameAToZ is successful
]]></system-out>
  </testcase>
  <testcase name="verifySortNameZToA" classname="tests.ProductListTest" time="0.284">
    <system-out><![CDATA[[INFO ] 22:10:08.758 [main] common.Log - verifySortNameZToA is stared
[INFO ] 22:10:09.040 [main] common.Log - verifySortNameZToA is successful
]]></system-out>
  </testcase>
  <testcase name="verifySortPriceHighToLow" classname="tests.ProductListTest" time="0.288">
    <system-out><![CDATA[[INFO ] 22:10:09.042 [main] common.Log - verifySortPriceHighToLow is stared
[INFO ] 22:10:09.327 [main] common.Log - verifySortPriceHighToLow is successful
]]></system-out>
  </testcase>
  <testcase name="verifySortPriceLowToHigh" classname="tests.ProductListTest" time="0.277">
    <system-out><![CDATA[[INFO ] 22:10:09.330 [main] common.Log - verifySortPriceLowToHigh is stared
[INFO ] 22:10:09.605 [main] common.Log - verifySortPriceLowToHigh is successful
]]></system-out>
  </testcase>
  <testcase name="verifyTotalNumberOfProduct" classname="tests.ProductListTest" time="0.01">
    <system-out><![CDATA[[INFO ] 22:10:09.607 [main] common.Log - verifyTotalNumberOfProduct is stared
[INFO ] 22:10:09.615 [main] common.Log - verifyTotalNumberOfProduct is successful
]]></system-out>
  </testcase>
  <testcase name="verifyAddToCartButtonOnProductDetail" classname="tests.ProductDetailTest" time="2.145">
    <system-out><![CDATA[[INFO ] 22:10:11.814 [main] common.Log - verifyAddToCartButtonOnProductDetail is stared
[INFO ] 22:10:13.955 [main] common.Log - verifyAddToCartButtonOnProductDetail is successful
]]></system-out>
    <system-err><![CDATA[Starting ChromeDriver 108.0.5359.71 (1e0e3868ee06e91ad636a874420e3ca3ae3756ac-refs/branch-heads/5359@{#1016}) on port 48616
Only local connections are allowed.
Please see https://chromedriver.chromium.org/security-considerations for suggestions on keeping ChromeDriver safe.
ChromeDriver was started successfully.
Jan 12, 2023 10:10:10 PM org.openqa.selenium.devtools.CdpVersionFinder findNearestMatch
WARNING: Unable to find an exact match for CDP version 108, so returning the closest version found: 107
]]></system-err>
  </testcase>
  <testcase name="verifyProductInfoInPdpPage" classname="tests.ProductDetailTest" time="2.241">
    <system-out><![CDATA[[INFO ] 22:10:13.959 [main] common.Log - verifyProductInfoInPdpPage is stared
[INFO ] 22:10:16.197 [main] common.Log - verifyProductInfoInPdpPage is successful
]]></system-out>
  </testcase>
  <testcase name="verifyRemoveBtnOnProductDetail" classname="tests.ProductDetailTest" time="1.985">
    <system-out><![CDATA[[INFO ] 22:10:16.200 [main] common.Log - verifyRemoveBtnOnProductDetail is stared
[INFO ] 22:10:18.182 [main] common.Log - verifyRemoveBtnOnProductDetail is successful
]]></system-out>
  </testcase>
  <testcase name="verifyElementsOnCartPage" classname="tests.CartTest" time="0.185">
    <system-out><![CDATA[[INFO ] 22:10:22.287 [main] common.Log - verifyElementsOnCartPage is stared
[INFO ] 22:10:22.469 [main] common.Log - verifyElementsOnCartPage is successful
]]></system-out>
    <system-err><![CDATA[Starting ChromeDriver 108.0.5359.71 (1e0e3868ee06e91ad636a874420e3ca3ae3756ac-refs/branch-heads/5359@{#1016}) on port 40917
Only local connections are allowed.
Please see https://chromedriver.chromium.org/security-considerations for suggestions on keeping ChromeDriver safe.
ChromeDriver was started successfully.
Jan 12, 2023 10:10:19 PM org.openqa.selenium.devtools.CdpVersionFinder findNearestMatch
WARNING: Unable to find an exact match for CDP version 108, so returning the closest version found: 107
]]></system-err>
  </testcase>
  <testcase name="verifyInfoOfEachProductsItemOnCartPage" classname="tests.CartTest" time="0.345">
    <system-out><![CDATA[[INFO ] 22:10:22.472 [main] common.Log - verifyInfoOfEachProductsItemOnCartPage is stared
[INFO ] 22:10:22.814 [main] common.Log - verifyInfoOfEachProductsItemOnCartPage is successful
]]></system-out>
  </testcase>
  <testcase name="verifyWhenClickingOnCheckoutBtn" classname="tests.CartTest" time="0.138">
    <system-out><![CDATA[[INFO ] 22:10:22.817 [main] common.Log - verifyWhenClickingOnCheckoutBtn is stared
[INFO ] 22:10:22.953 [main] common.Log - verifyWhenClickingOnCheckoutBtn is successful
]]></system-out>
  </testcase>
  <testcase name="verifyWhenClickingOnContinueShoppingButton" classname="tests.CartTest" time="0.144">
    <system-out><![CDATA[[INFO ] 22:10:22.955 [main] common.Log - verifyWhenClickingOnContinueShoppingButton is stared
[INFO ] 22:10:23.098 [main] common.Log - verifyWhenClickingOnContinueShoppingButton is successful
]]></system-out>
  </testcase>
  <testcase name="verifyWhenClickingOnProductNameOnCartPage" classname="tests.CartTest" time="0.841">
    <system-out><![CDATA[[INFO ] 22:10:23.101 [main] common.Log - verifyWhenClickingOnProductNameOnCartPage is stared
[INFO ] 22:10:23.940 [main] common.Log - verifyWhenClickingOnProductNameOnCartPage is successful
]]></system-out>
  </testcase>
  <testcase name="verifyWhenClickingOnRemoveBtn" classname="tests.CartTest" time="0.542">
    <system-out><![CDATA[[INFO ] 22:10:23.943 [main] common.Log - verifyWhenClickingOnRemoveBtn is stared
[INFO ] 22:10:24.483 [main] common.Log - verifyWhenClickingOnRemoveBtn is successful
]]></system-out>
  </testcase>
  <testcase name="verifyInfoOnCheckOutStep2WhenCheckOutWith1Product" classname="tests.CheckOutStep2Test" time="0.792">
    <system-out><![CDATA[[INFO ] 22:10:26.896 [main] common.Log - verifyInfoOnCheckOutStep2WhenCheckOutWith1Product is stared
[INFO ] 22:10:27.686 [main] common.Log - verifyInfoOnCheckOutStep2WhenCheckOutWith1Product is successful
]]></system-out>
    <system-err><![CDATA[Starting ChromeDriver 108.0.5359.71 (1e0e3868ee06e91ad636a874420e3ca3ae3756ac-refs/branch-heads/5359@{#1016}) on port 32957
Only local connections are allowed.
Please see https://chromedriver.chromium.org/security-considerations for suggestions on keeping ChromeDriver safe.
ChromeDriver was started successfully.
Jan 12, 2023 10:10:25 PM org.openqa.selenium.devtools.CdpVersionFinder findNearestMatch
WARNING: Unable to find an exact match for CDP version 108, so returning the closest version found: 107
]]></system-err>
  </testcase>
  <testcase name="verifyInfoOnCheckOutStep2WhenCheckOutWithMoreProducts" classname="tests.CheckOutStep2Test" time="1.582">
    <system-out><![CDATA[[INFO ] 22:10:35.827 [main] common.Log - verifyInfoOnCheckOutStep2WhenCheckOutWithMoreProducts is stared
[INFO ] 22:10:37.405 [main] common.Log - verifyInfoOnCheckOutStep2WhenCheckOutWithMoreProducts is successful
]]></system-out>
  </testcase>
  <testcase name="checkPaymentSuccessWith1Product" classname="tests.ThankYouTest" time="0.913">
    <system-out><![CDATA[[INFO ] 22:10:39.769 [main] common.Log - checkPaymentSuccessWith1Product is stared
[INFO ] 22:10:40.679 [main] common.Log - checkPaymentSuccessWith1Product is successful
]]></system-out>
    <system-err><![CDATA[Starting ChromeDriver 108.0.5359.71 (1e0e3868ee06e91ad636a874420e3ca3ae3756ac-refs/branch-heads/5359@{#1016}) on port 13349
Only local connections are allowed.
Please see https://chromedriver.chromium.org/security-considerations for suggestions on keeping ChromeDriver safe.
ChromeDriver was started successfully.
Jan 12, 2023 10:10:38 PM org.openqa.selenium.devtools.CdpVersionFinder findNearestMatch
WARNING: Unable to find an exact match for CDP version 108, so returning the closest version found: 107
]]></system-err>
  </testcase>
  <testcase name="checkPaymentSuccessWithMoreProducts" classname="tests.ThankYouTest" time="0.878">
    <system-out><![CDATA[[INFO ] 22:10:40.955 [main] common.Log - checkPaymentSuccessWithMoreProducts is stared
[INFO ] 22:10:41.828 [main] common.Log - checkPaymentSuccessWithMoreProducts is successful
]]></system-out>
  </testcase>
  <testcase name="clickOnBackHomeButtonAfterPayment" classname="tests.ThankYouTest" time="0.833">
    <system-out><![CDATA[[INFO ] 22:10:41.992 [main] common.Log - clickOnBackHomeButtonAfterPayment is stared
[INFO ] 22:10:42.823 [main] common.Log - clickOnBackHomeButtonAfterPayment is successful
]]></system-out>
  </testcase>
  <testcase name="checkPaymentWhenCancelOnCheckOutStep2" classname="tests.ThankYouTest" time="0.763">
    <system-out><![CDATA[[INFO ] 22:10:42.944 [main] common.Log - checkPaymentWhenCancelOnCheckOutStep2 is stared
[INFO ] 22:10:43.703 [main] common.Log - checkPaymentWhenCancelOnCheckOutStep2 is successful
]]></system-out>
  </testcase>
</testsuite>